<?xml version="1.0" encoding="UTF-8"?>
<!-- Generated by org.testng.reporters.JUnitXMLReporter -->
<testsuite ignored="0" hostname="wws-cpu-202208-13" failures="1" tests="1" name="Surefire test" time="6.043" errors="0" timestamp="2025-07-02T16:37:28 IST">
  <testcase classname="Weaversweb.test.LoginTest" name="testValidLogin" time="0.861">
    <failure type="com.microsoft.playwright.PlaywrightException" message="Error {
  message=&amp;apos;value: expected string, got undefined
  name=&amp;apos;Error
  stack=&amp;apos;Error: value: expected string, got undefined
    at tString (/tmp/playwright-java-1917588472083001744/package/lib/protocol/validatorPrimitives.js:58:9)
    at /tmp/playwright-java-1917588472083001744/package/lib/protocol/validatorPrimitives.js:107:21
    at DispatcherConnection.dispatch (/tmp/playwright-java-1917588472083001744/package/lib/server/dispatchers/dispatcher.js:281:21)
    at transport.onmessage (/tmp/playwright-java-1917588472083001744/package/lib/cli/driver.js:52:57)
    at Immediate._onImmediate (/tmp/playwright-java-1917588472083001744/package/lib/protocol/transport.js:77:34)
    at process.processImmediate (node:internal/timers:478:21)
}">
      <![CDATA[com.microsoft.playwright.PlaywrightException: Error {
  message='value: expected string, got undefined
  name='Error
  stack='Error: value: expected string, got undefined
    at tString (/tmp/playwright-java-1917588472083001744/package/lib/protocol/validatorPrimitives.js:58:9)
    at /tmp/playwright-java-1917588472083001744/package/lib/protocol/validatorPrimitives.js:107:21
    at DispatcherConnection.dispatch (/tmp/playwright-java-1917588472083001744/package/lib/server/dispatchers/dispatcher.js:281:21)
    at transport.onmessage (/tmp/playwright-java-1917588472083001744/package/lib/cli/driver.js:52:57)
    at Immediate._onImmediate (/tmp/playwright-java-1917588472083001744/package/lib/protocol/transport.js:77:34)
    at process.processImmediate (node:internal/timers:478:21)
}
at com.microsoft.playwright.impl.WaitableResult.get(WaitableResult.java:56)
at com.microsoft.playwright.impl.ChannelOwner.runUntil(ChannelOwner.java:120)
at com.microsoft.playwright.impl.Connection.sendMessage(Connection.java:130)
at com.microsoft.playwright.impl.ChannelOwner.sendMessage(ChannelOwner.java:106)
at com.microsoft.playwright.impl.FrameImpl.fillImpl(FrameImpl.java:335)
at com.microsoft.playwright.impl.FrameImpl.lambda$fill$14(FrameImpl.java:325)
at com.microsoft.playwright.impl.LoggingSupport.lambda$withLogging$0(LoggingSupport.java:36)
at com.microsoft.playwright.impl.LoggingSupport.withLogging(LoggingSupport.java:47)
at com.microsoft.playwright.impl.ChannelOwner.withLogging(ChannelOwner.java:89)
at com.microsoft.playwright.impl.LoggingSupport.withLogging(LoggingSupport.java:35)
at com.microsoft.playwright.impl.FrameImpl.fill(FrameImpl.java:325)
at com.microsoft.playwright.impl.LocatorImpl.fill(LocatorImpl.java:235)
at com.microsoft.playwright.Locator.fill(Locator.java:3054)
at com.Weaversweb.base.BasePage.fill(BasePage.java:34)
at com.Weaversweb.pages.LoginPage.enterUsername(LoginPage.java:26)
at com.Weaversweb.pages.LoginPage.login(LoginPage.java:43)
at Weaversweb.test.LoginTest.testValidLogin(LoginTest.java:21)
at java.base/java.util.ArrayList.forEach(ArrayList.java:1597)
Caused by: com.microsoft.playwright.impl.DriverException: Error {
  message='value: expected string, got undefined
  name='Error
  stack='Error: value: expected string, got undefined
    at tString (/tmp/playwright-java-1917588472083001744/package/lib/protocol/validatorPrimitives.js:58:9)
    at /tmp/playwright-java-1917588472083001744/package/lib/protocol/validatorPrimitives.js:107:21
    at DispatcherConnection.dispatch (/tmp/playwright-java-1917588472083001744/package/lib/server/dispatchers/dispatcher.js:281:21)
    at transport.onmessage (/tmp/playwright-java-1917588472083001744/package/lib/cli/driver.js:52:57)
    at Immediate._onImmediate (/tmp/playwright-java-1917588472083001744/package/lib/protocol/transport.js:77:34)
    at process.processImmediate (node:internal/timers:478:21)
}
at com.microsoft.playwright.impl.Connection.dispatch(Connection.java:259)
at com.microsoft.playwright.impl.Connection.processOneMessage(Connection.java:211)
at com.microsoft.playwright.impl.ChannelOwner.runUntil(ChannelOwner.java:118)
... 46 more
... Removed 30 stack frames]]>
    </failure>
  </testcase> <!-- testValidLogin -->
</testsuite> <!-- Surefire test -->
