2025-09-02 18:48:04.175 [main] INFO  Weaversweb.test.TestListener - STARTED TEST: Verify_user_can_Search
2025-09-02 18:48:04.271 [main] INFO  com.Weaversweb.base.BasePage - Initialized page: LoginPage
2025-09-02 18:48:04.274 [main] INFO  com.Weaversweb.pages.LoginPage - Performing login action with provided credentials
2025-09-02 18:48:04.275 [main] INFO  com.Weaversweb.pages.LoginPage - Entering username: vdadmin@yopmail.com
2025-09-02 18:48:04.277 [main] INFO  com.Weaversweb.base.BasePage - Typing 'vdadmin@yopmail.com' in: //input[@id='email']
2025-09-02 18:48:05.693 [main] INFO  com.Weaversweb.pages.LoginPage - Entering password: VDadmin@123
2025-09-02 18:48:05.693 [main] INFO  com.Weaversweb.base.BasePage - Typing 'VDadmin@123' in: //input[@id='password']
2025-09-02 18:48:05.729 [main] INFO  com.Weaversweb.pages.LoginPage - Clicking login button
2025-09-02 18:48:05.730 [main] INFO  com.Weaversweb.base.BasePage - Clicking element: //button[@type='submit']
2025-09-02 18:48:05.731 [main] INFO  com.Weaversweb.base.BasePage - Waiting for element visible: //button[@type='submit']
2025-09-02 18:48:05.934 [main] INFO  com.Weaversweb.pages.LoginPage - Fetching SucessFully Login Message 
2025-09-02 18:48:05.936 [main] INFO  com.Weaversweb.base.BasePage - Getting text from: //div[@class='Toastify__toast Toastify__toast-theme--light Toastify__toast--success']
2025-09-02 18:48:09.768 [main] INFO  com.Weaversweb.pages.LoginPage - Fetching dashboard header text
2025-09-02 18:48:09.770 [main] INFO  com.Weaversweb.base.BasePage - Getting text from: //div[@class='title-wrap']
2025-09-02 18:48:09.820 [main] INFO  com.Weaversweb.base.BasePage - Initialized page: MenuPage
2025-09-02 18:48:09.821 [main] INFO  com.Weaversweb.base.BasePage - Clicking element: //a[normalize-space()='User Management']
2025-09-02 18:48:09.822 [main] INFO  com.Weaversweb.base.BasePage - Waiting for element visible: //a[normalize-space()='User Management']
2025-09-02 18:48:09.973 [main] INFO  com.Weaversweb.base.BasePage - Initialized page: UserManagement
2025-09-02 18:48:09.978 [main] INFO  com.Weaversweb.base.BasePage - Initialized page: UserManagement
2025-09-02 18:48:12.878 [main] ERROR Weaversweb.test.TestListener - FAILED TEST: Verify_user_can_Search
2025-09-02 18:48:13.131 [main] ERROR Weaversweb.basetest.BaseTest - FAILED - Screenshot captured: reports/screenshots/failed/Verify_user_can_Search_1756819092878.png
2025-09-02 18:48:13.132 [main] ERROR Weaversweb.test.TestListener - Screenshot saved to: reports/screenshots/failed/Verify_user_can_Search_1756819092878.png
2025-09-02 18:48:15.353 [main] INFO  Weaversweb.test.TestListener - TEST EXECUTION FINISHED
