2025-09-02 18:53:30.308 [main] INFO  Weaversweb.test.TestListener - STARTED TEST: Verify_user_can_Search
2025-09-02 18:53:30.372 [main] INFO  com.Weaversweb.base.BasePage - Initialized page: LoginPage
2025-09-02 18:53:30.373 [main] INFO  com.Weaversweb.pages.LoginPage - Performing login action with provided credentials
2025-09-02 18:53:30.374 [main] INFO  com.Weaversweb.pages.LoginPage - Entering username: vdadmin@yopmail.com
2025-09-02 18:53:30.376 [main] INFO  com.Weaversweb.base.BasePage - Typing 'vdadmin@yopmail.com' in: //input[@id='email']
2025-09-02 18:53:31.811 [main] INFO  com.Weaversweb.pages.LoginPage - Entering password: VDadmin@123
2025-09-02 18:53:31.813 [main] INFO  com.Weaversweb.base.BasePage - Typing 'VDadmin@123' in: //input[@id='password']
2025-09-02 18:53:31.945 [main] INFO  com.Weaversweb.pages.LoginPage - Clicking login button
2025-09-02 18:53:31.947 [main] INFO  com.Weaversweb.base.BasePage - Clicking element: //button[@type='submit']
2025-09-02 18:53:31.947 [main] INFO  com.Weaversweb.base.BasePage - Waiting for element visible: //button[@type='submit']
2025-09-02 18:53:32.113 [main] INFO  com.Weaversweb.pages.LoginPage - Fetching SucessFully Login Message 
2025-09-02 18:53:32.113 [main] INFO  com.Weaversweb.base.BasePage - Getting text from: //div[@class='Toastify__toast Toastify__toast-theme--light Toastify__toast--success']
2025-09-02 18:53:35.928 [main] INFO  com.Weaversweb.pages.LoginPage - Fetching dashboard header text
2025-09-02 18:53:35.928 [main] INFO  com.Weaversweb.base.BasePage - Getting text from: //div[@class='title-wrap']
2025-09-02 18:53:35.945 [main] INFO  com.Weaversweb.base.BasePage - Initialized page: MenuPage
2025-09-02 18:53:35.945 [main] INFO  com.Weaversweb.base.BasePage - Clicking element: //a[normalize-space()='User Management']
2025-09-02 18:53:35.945 [main] INFO  com.Weaversweb.base.BasePage - Waiting for element visible: //a[normalize-space()='User Management']
2025-09-02 18:53:36.113 [main] INFO  com.Weaversweb.base.BasePage - Initialized page: UserManagement
2025-09-02 18:53:36.115 [main] INFO  com.Weaversweb.base.BasePage - Initialized page: UserManagement
2025-09-02 18:53:38.999 [main] ERROR Weaversweb.test.TestListener - FAILED TEST: Verify_user_can_Search
2025-09-02 18:53:39.260 [main] ERROR Weaversweb.basetest.BaseTest - FAILED - Screenshot captured: reports/screenshots/failed/Verify_user_can_Search_1756819418999.png
2025-09-02 18:53:39.260 [main] ERROR Weaversweb.test.TestListener - Screenshot saved to: reports/screenshots/failed/Verify_user_can_Search_1756819418999.png
2025-09-02 18:53:41.439 [main] INFO  Weaversweb.test.TestListener - TEST EXECUTION FINISHED
