2025-09-02 18:58:12.459 [main] INFO  Weaversweb.test.TestListener - STARTED TEST: Verify_user_can_Search
2025-09-02 18:58:12.615 [main] INFO  com.Weaversweb.base.BasePage - Initialized page: LoginPage
2025-09-02 18:58:12.618 [main] INFO  com.Weaversweb.pages.LoginPage - Performing login action with provided credentials
2025-09-02 18:58:12.622 [main] INFO  com.Weaversweb.pages.LoginPage - Entering username: vdadmin@yopmail.com
2025-09-02 18:58:12.627 [main] INFO  com.Weaversweb.base.BasePage - Typing 'vdadmin@yopmail.com' in: //input[@id='email']
2025-09-02 18:58:13.913 [main] INFO  com.Weaversweb.pages.LoginPage - Entering password: VDadmin@123
2025-09-02 18:58:13.915 [main] INFO  com.Weaversweb.base.BasePage - Typing 'VDadmin@123' in: //input[@id='password']
2025-09-02 18:58:14.080 [main] INFO  com.Weaversweb.pages.LoginPage - Clicking login button
2025-09-02 18:58:14.082 [main] INFO  com.Weaversweb.base.BasePage - Clicking element: //button[@type='submit']
2025-09-02 18:58:14.083 [main] INFO  com.Weaversweb.base.BasePage - Waiting for element visible: //button[@type='submit']
2025-09-02 18:58:14.430 [main] INFO  com.Weaversweb.pages.LoginPage - Fetching SucessFully Login Message 
2025-09-02 18:58:14.432 [main] INFO  com.Weaversweb.base.BasePage - Getting text from: //div[@class='Toastify__toast Toastify__toast-theme--light Toastify__toast--success']
2025-09-02 18:58:18.299 [main] INFO  com.Weaversweb.pages.LoginPage - Fetching dashboard header text
2025-09-02 18:58:18.301 [main] INFO  com.Weaversweb.base.BasePage - Getting text from: //div[@class='title-wrap']
2025-09-02 18:58:18.350 [main] INFO  com.Weaversweb.base.BasePage - Initialized page: MenuPage
2025-09-02 18:58:18.360 [main] INFO  com.Weaversweb.base.BasePage - Clicking element: //a[normalize-space()='User Management']
2025-09-02 18:58:18.362 [main] INFO  com.Weaversweb.base.BasePage - Waiting for element visible: //a[normalize-space()='User Management']
2025-09-02 18:58:18.669 [main] INFO  com.Weaversweb.base.BasePage - Initialized page: UserManagement
2025-09-02 18:58:18.675 [main] INFO  com.Weaversweb.base.BasePage - Initialized page: UserManagement
2025-09-02 18:58:21.858 [main] ERROR Weaversweb.test.TestListener - FAILED TEST: Verify_user_can_Search
2025-09-02 18:58:22.264 [main] ERROR Weaversweb.basetest.BaseTest - FAILED - Screenshot captured: reports/screenshots/failed/Verify_user_can_Search_1756819701860.png
2025-09-02 18:58:22.266 [main] ERROR Weaversweb.test.TestListener - Screenshot saved to: reports/screenshots/failed/Verify_user_can_Search_1756819701860.png
2025-09-02 18:58:24.859 [main] INFO  Weaversweb.test.TestListener - TEST EXECUTION FINISHED
