2025-08-29 18:41:35.493 [main] INFO  Weaversweb.test.TestListener - STARTED TEST: Verify_user_can_Search
2025-08-29 18:41:35.550 [main] INFO  com.Weaversweb.base.BasePage - Initialized page: LoginPage
2025-08-29 18:41:35.551 [main] INFO  com.Weaversweb.pages.LoginPage - Performing login action with provided credentials
2025-08-29 18:41:35.551 [main] INFO  com.Weaversweb.pages.LoginPage - Entering username: vdadmin@yopmail.com
2025-08-29 18:41:35.552 [main] INFO  com.Weaversweb.base.BasePage - Typing 'vdadmin@yopmail.com' in: //input[@id='email']
2025-08-29 18:41:36.482 [main] INFO  com.Weaversweb.pages.LoginPage - Entering password: VDadmin@123
2025-08-29 18:41:36.483 [main] INFO  com.Weaversweb.base.BasePage - Typing 'VDadmin@123' in: //input[@id='password']
2025-08-29 18:41:36.520 [main] INFO  com.Weaversweb.pages.LoginPage - Clicking login button
2025-08-29 18:41:36.520 [main] INFO  com.Weaversweb.base.BasePage - Clicking element: //button[@type='submit']
2025-08-29 18:41:36.521 [main] INFO  com.Weaversweb.base.BasePage - Waiting for element visible: //button[@type='submit']
2025-08-29 18:41:36.653 [main] INFO  com.Weaversweb.pages.LoginPage - Fetching SucessFully Login Message 
2025-08-29 18:41:36.654 [main] INFO  com.Weaversweb.base.BasePage - Getting text from: //div[@class='Toastify__toast Toastify__toast-theme--light Toastify__toast--success']
2025-08-29 18:41:39.970 [main] INFO  com.Weaversweb.pages.LoginPage - Fetching dashboard header text
2025-08-29 18:41:39.971 [main] INFO  com.Weaversweb.base.BasePage - Getting text from: //div[@class='title-wrap']
2025-08-29 18:41:39.992 [main] INFO  com.Weaversweb.base.BasePage - Initialized page: MenuPage
2025-08-29 18:41:39.994 [main] INFO  com.Weaversweb.base.BasePage - Clicking element: //a[normalize-space()='User Management']
2025-08-29 18:41:39.995 [main] INFO  com.Weaversweb.base.BasePage - Waiting for element visible: //a[normalize-space()='User Management']
2025-08-29 18:41:40.121 [main] INFO  com.Weaversweb.base.BasePage - Initialized page: UserManagement
2025-08-29 18:41:40.126 [main] INFO  com.Weaversweb.base.BasePage - Initialized page: UserManagement
2025-08-29 18:41:43.003 [main] ERROR Weaversweb.test.TestListener - FAILED TEST: Verify_user_can_Search
2025-08-29 18:41:43.187 [main] ERROR Weaversweb.basetest.BaseTest - FAILED - Screenshot captured: reports/screenshots/failed/Verify_user_can_Search_1756473103004.png
2025-08-29 18:41:43.187 [main] ERROR Weaversweb.test.TestListener - Screenshot saved to: reports/screenshots/failed/Verify_user_can_Search_1756473103004.png
2025-08-29 18:41:45.342 [main] INFO  Weaversweb.test.TestListener - TEST EXECUTION FINISHED
