2025-09-02 18:55:16.435 [main] INFO  Weaversweb.test.TestListener - STARTED TEST: Verify_user_can_Search
2025-09-02 18:55:16.491 [main] INFO  com.Weaversweb.base.BasePage - Initialized page: LoginPage
2025-09-02 18:55:16.492 [main] INFO  com.Weaversweb.pages.LoginPage - Performing login action with provided credentials
2025-09-02 18:55:16.492 [main] INFO  com.Weaversweb.pages.LoginPage - Entering username: vdadmin@yopmail.com
2025-09-02 18:55:16.492 [main] INFO  com.Weaversweb.base.BasePage - Typing 'vdadmin@yopmail.com' in: //input[@id='email']
2025-09-02 18:55:17.997 [main] INFO  com.Weaversweb.pages.LoginPage - Entering password: VDadmin@123
2025-09-02 18:55:17.999 [main] INFO  com.Weaversweb.base.BasePage - Typing 'VDadmin@123' in: //input[@id='password']
2025-09-02 18:55:18.094 [main] INFO  com.Weaversweb.pages.LoginPage - Clicking login button
2025-09-02 18:55:18.095 [main] INFO  com.Weaversweb.base.BasePage - Clicking element: //button[@type='submit']
2025-09-02 18:55:18.095 [main] INFO  com.Weaversweb.base.BasePage - Waiting for element visible: //button[@type='submit']
2025-09-02 18:55:18.245 [main] INFO  com.Weaversweb.pages.LoginPage - Fetching SucessFully Login Message 
2025-09-02 18:55:18.246 [main] INFO  com.Weaversweb.base.BasePage - Getting text from: //div[@class='Toastify__toast Toastify__toast-theme--light Toastify__toast--success']
2025-09-02 18:55:22.062 [main] INFO  com.Weaversweb.pages.LoginPage - Fetching dashboard header text
2025-09-02 18:55:22.062 [main] INFO  com.Weaversweb.base.BasePage - Getting text from: //div[@class='title-wrap']
2025-09-02 18:55:22.082 [main] INFO  com.Weaversweb.base.BasePage - Initialized page: MenuPage
2025-09-02 18:55:22.085 [main] INFO  com.Weaversweb.base.BasePage - Clicking element: //a[normalize-space()='User Management']
2025-09-02 18:55:22.085 [main] INFO  com.Weaversweb.base.BasePage - Waiting for element visible: //a[normalize-space()='User Management']
2025-09-02 18:55:22.180 [main] INFO  com.Weaversweb.base.BasePage - Initialized page: UserManagement
2025-09-02 18:55:22.182 [main] INFO  com.Weaversweb.base.BasePage - Initialized page: UserManagement
2025-09-02 18:55:25.080 [main] ERROR Weaversweb.test.TestListener - FAILED TEST: Verify_user_can_Search
2025-09-02 18:55:25.297 [main] ERROR Weaversweb.basetest.BaseTest - FAILED - Screenshot captured: reports/screenshots/failed/Verify_user_can_Search_1756819525080.png
2025-09-02 18:55:25.297 [main] ERROR Weaversweb.test.TestListener - Screenshot saved to: reports/screenshots/failed/Verify_user_can_Search_1756819525080.png
2025-09-02 18:55:27.459 [main] INFO  Weaversweb.test.TestListener - TEST EXECUTION FINISHED
